#
# There is insufficient memory for the Java Runtime Environment to continue.
# Native memory allocation (malloc) failed to allocate 1048576 bytes for AllocateHeap
# Possible reasons:
#   The system is out of physical RAM or swap space
#   The process is running with CompressedOops enabled, and the Java Heap may be blocking the growth of the native heap
# Possible solutions:
#   Reduce memory load on the system
#   Increase physical memory or swap space
#   Check if swap backing store is full
#   Decrease Java heap size (-Xmx/-Xms)
#   Decrease number of Java threads
#   Decrease Java thread stack sizes (-Xss)
#   Set larger code cache with -XX:ReservedCodeCacheSize=
#   JVM is running with Unscaled Compressed Oops mode in which the Java heap is
#     placed in the first 4GB address space. The Java Heap base address is the
#     maximum limit for the native heap growth. Please use -XX:HeapBaseMinAddress
#     to set the Java Heap base and to place the Java Heap above 4GB virtual address.
# This output file may be truncated or incomplete.
#
#  Out of Memory Error (./src/hotspot/share/memory/allocation.cpp:46), pid=5436, tid=8016
#
# JRE version: OpenJDK Runtime Environment (11.0.8+10) (build 11.0.8+10-b944.6842174)
# Java VM: OpenJDK 64-Bit Server VM (11.0.8+10-b944.6842174, mixed mode, tiered, compressed oops, g1 gc, windows-amd64)
# No core dump will be written. Minidumps are not enabled by default on client versions of Windows
#

---------------  S U M M A R Y ------------

Command Line: --add-opens=java.base/java.util=ALL-UNNAMED --add-opens=java.base/java.lang=ALL-UNNAMED --add-opens=java.base/java.lang.invoke=ALL-UNNAMED --add-opens=java.prefs/java.util.prefs=ALL-UNNAMED -Xmx2048m -Dfile.encoding=UTF-8 -Duser.country=IN -Duser.language=en -Duser.variant org.gradle.launcher.daemon.bootstrap.GradleDaemon 6.7.1

Host: Intel(R) Core(TM) i5-6300U CPU @ 2.40GHz, 4 cores, 7G,  Windows 10 , 64 bit Build 19041 (10.0.19041.928)
Time: Wed Jun  9 19:23:37 2021 India Standard Time elapsed time: 8 seconds (0d 0h 0m 8s)

---------------  T H R E A D  ---------------

Current thread (0x0000020f1fd36800):  VMThread "VM Thread" [stack: 0x00000018a6300000,0x00000018a6400000] [id=8016]

Stack: [0x00000018a6300000,0x00000018a6400000]
[error occurred during error reporting (printing stack bounds), id 0xc0000005, EXCEPTION_ACCESS_VIOLATION (0xc0000005) at pc=0x0000020f094e0dad]

Native frames: (J=compiled Java code, j=interpreted, Vv=VM code, C=native code)
V  [jvm.dll+0x5de50a]
V  [jvm.dll+0x7122f5]
V  [jvm.dll+0x71384d]
V  [jvm.dll+0x713e65]
V  [jvm.dll+0x713e1b]
V  [jvm.dll+0x5dd958]
V  [jvm.dll+0x5de0f8]
C  [ntdll.dll+0xa217f]
C  [ntdll.dll+0x51454]
C  [ntdll.dll+0xa0cae]
C  0x0000020f094e0dad

VM_Operation (0x00000018a78f8f90): CollectForMetadataAllocation, mode: safepoint, requested by thread 0x0000020f210c2800


---------------  P R O C E S S  ---------------

Threads class SMR info:
_java_thread_list=0x0000020f2225a210, length=20, elements={
0x0000020f0435f000, 0x0000020f1fd3c800, 0x0000020f1fd3e000, 0x0000020f206d3800,
0x0000020f1fd58800, 0x0000020f1fd5a800, 0x0000020f1fd5e800, 0x0000020f1fd8e000,
0x0000020f20805800, 0x0000020f20827800, 0x0000020f21ab9000, 0x0000020f21ca5800,
0x0000020f22526000, 0x0000020f21e46000, 0x0000020f218c1800, 0x0000020f218c2800,
0x0000020f210c2800, 0x0000020f21e02000, 0x0000020f216bc000, 0x0000020f22523800
}

Java Threads: ( => current thread )
  0x0000020f0435f000 JavaThread "main" [_thread_blocked, id=4952, stack(0x00000018a5d00000,0x00000018a5e00000)]
  0x0000020f1fd3c800 JavaThread "Reference Handler" daemon [_thread_blocked, id=7952, stack(0x00000018a6400000,0x00000018a6500000)]
  0x0000020f1fd3e000 JavaThread "Finalizer" daemon [_thread_blocked, id=8796, stack(0x00000018a6500000,0x00000018a6600000)]
  0x0000020f206d3800 JavaThread "Signal Dispatcher" daemon [_thread_blocked, id=7964, stack(0x00000018a6600000,0x00000018a6700000)]
  0x0000020f1fd58800 JavaThread "Attach Listener" daemon [_thread_blocked, id=3816, stack(0x00000018a6700000,0x00000018a6800000)]
  0x0000020f1fd5a800 JavaThread "C2 CompilerThread0" daemon [_thread_blocked, id=11968, stack(0x00000018a6800000,0x00000018a6900000)]
  0x0000020f1fd5e800 JavaThread "C1 CompilerThread0" daemon [_thread_blocked, id=9596, stack(0x00000018a6900000,0x00000018a6a00000)]
  0x0000020f1fd8e000 JavaThread "Sweeper thread" daemon [_thread_blocked, id=4700, stack(0x00000018a6a00000,0x00000018a6b00000)]
  0x0000020f20805800 JavaThread "Common-Cleaner" daemon [_thread_blocked, id=10064, stack(0x00000018a6b00000,0x00000018a6c00000)]
  0x0000020f20827800 JavaThread "Service Thread" daemon [_thread_blocked, id=11804, stack(0x00000018a6c00000,0x00000018a6d00000)]
  0x0000020f21ab9000 JavaThread "Daemon health stats" [_thread_blocked, id=12112, stack(0x00000018a7100000,0x00000018a7200000)]
  0x0000020f21ca5800 JavaThread "Incoming local TCP Connector on port 65301" [_thread_in_native, id=7276, stack(0x00000018a7300000,0x00000018a7400000)]
  0x0000020f22526000 JavaThread "Daemon periodic checks" [_thread_blocked, id=12992, stack(0x00000018a7400000,0x00000018a7500000)]
  0x0000020f21e46000 JavaThread "Daemon" [_thread_blocked, id=9496, stack(0x00000018a7500000,0x00000018a7600000)]
  0x0000020f218c1800 JavaThread "Handler for socket connection from /127.0.0.1:65301 to /127.0.0.1:65302" [_thread_in_native, id=5984, stack(0x00000018a7600000,0x00000018a7700000)]
  0x0000020f218c2800 JavaThread "Cancel handler" [_thread_blocked, id=7928, stack(0x00000018a7700000,0x00000018a7800000)]
  0x0000020f210c2800 JavaThread "Daemon worker" [_thread_blocked, id=6532, stack(0x00000018a7800000,0x00000018a7900000)]
  0x0000020f21e02000 JavaThread "Asynchronous log dispatcher for DefaultDaemonConnection: socket connection from /127.0.0.1:65301 to /127.0.0.1:65302" [_thread_blocked, id=8916, stack(0x00000018a7900000,0x00000018a7a00000)]
  0x0000020f216bc000 JavaThread "Stdin handler" [_thread_blocked, id=10756, stack(0x00000018a7a00000,0x00000018a7b00000)]
  0x0000020f22523800 JavaThread "Thread-8" [_thread_blocked, id=7972, stack(0x00000018a7b00000,0x00000018a7c00000)]

Other Threads:
=>0x0000020f1fd36800 VMThread "VM Thread" [stack: 0x00000018a6300000,0x00000018a6400000] [id=8016]
  0x0000020f20828800 WatcherThread [stack: 0x00000018a6d00000,0x00000018a6e00000] [id=8388]
  0x0000020f04373800 GCTaskThread "GC Thread#0" [stack: 0x00000018a5e00000,0x00000018a5f00000] [id=8568]
  0x0000020f20f5e000 GCTaskThread "GC Thread#1" [stack: 0x00000018a6e00000,0x00000018a6f00000] [id=7228]
  0x0000020f20f5f000 GCTaskThread "GC Thread#2" [stack: 0x00000018a6f00000,0x00000018a7000000] [id=5724]
  0x0000020f21917800 GCTaskThread "GC Thread#3" [stack: 0x00000018a7c00000,0x00000018a7d00000] [id=6832]
  0x0000020f043a3000 ConcurrentGCThread "G1 Main Marker" [stack: 0x00000018a5f00000,0x00000018a6000000] [id=2648]
  0x0000020f043a5800 ConcurrentGCThread "G1 Conc#0" [stack: 0x00000018a6000000,0x00000018a6100000] [id=7580]
  0x0000020f04433800 ConcurrentGCThread "G1 Refine#0" [stack: 0x00000018a6100000,0x00000018a6200000] [id=5708]
  0x0000020f04434800 ConcurrentGCThread "G1 Young RemSet Sampling" [stack: 0x00000018a6200000,0x00000018a6300000] [id=5280]

Threads with active compile tasks:

VM state:at safepoint (normal execution)

VM Mutex/Monitor currently owned by a thread:  ([mutex/lock_event])
[0x0000020f0435c180] Threads_lock - owner thread: 0x0000020f1fd36800
[0x0000020f0435b2e0] Heap_lock - owner thread: 0x0000020f210c2800

Heap address: 0x0000000080000000, size: 2048 MB, Compressed Oops mode: 32-bit
Narrow klass base: 0x0000000000000000, Narrow klass shift: 3
Compressed class space size: 1073741824 Address: 0x0000000100000000

Heap:
 garbage-first heap   total 131072K, used 15999K [0x0000000080000000, 0x0000000100000000)
  region size 1024K, 3 young (3072K), 3 survivors (3072K)
 Metaspace       used 19215K, capacity 19626K, committed 19712K, reserved 1075200K
  class space    used 2345K, capacity 2493K, committed 2560K, reserved 1048576K
Heap Regions: E=young(eden), S=young(survivor), O=old, HS=humongous(starts), HC=humongous(continues), CS=collection set, F=free, A=archive, TAMS=top-at-mark-start (previous, next)
|   0|0x0000000080000000, 0x0000000080100000, 0x0000000080100000|100%| O|  |TAMS 0x0000000080000000, 0x0000000080100000| Untracked 
|   1|0x0000000080100000, 0x0000000080200000, 0x0000000080200000|100%| O|  |TAMS 0x0000000080100000, 0x0000000080200000| Untracked 
|   2|0x0000000080200000, 0x0000000080300000, 0x0000000080300000|100%| O|  |TAMS 0x0000000080200000, 0x0000000080300000| Untracked 
|   3|0x0000000080300000, 0x0000000080400000, 0x0000000080400000|100%|HS|  |TAMS 0x0000000080300000, 0x0000000080400000| Complete 
|   4|0x0000000080400000, 0x0000000080500000, 0x0000000080500000|100%|HC|  |TAMS 0x0000000080400000, 0x0000000080500000| Complete 
|   5|0x0000000080500000, 0x0000000080600000, 0x0000000080600000|100%|HC|  |TAMS 0x0000000080500000, 0x0000000080600000| Complete 
|   6|0x0000000080600000, 0x0000000080700000, 0x0000000080700000|100%| O|  |TAMS 0x0000000080600000, 0x0000000080700000| Untracked 
|   7|0x0000000080700000, 0x0000000080800000, 0x0000000080800000|100%| O|  |TAMS 0x0000000080700000, 0x0000000080800000| Untracked 
|   8|0x0000000080800000, 0x0000000080900000, 0x0000000080900000|100%| O|  |TAMS 0x0000000080800000, 0x0000000080900000| Untracked 
|   9|0x0000000080900000, 0x0000000080a00000, 0x0000000080a00000|100%| O|  |TAMS 0x0000000080900000, 0x0000000080a00000| Untracked 
|  10|0x0000000080a00000, 0x0000000080b00000, 0x0000000080b00000|100%| O|  |TAMS 0x0000000080a00000, 0x0000000080b00000| Untracked 
|  11|0x0000000080b00000, 0x0000000080c00000, 0x0000000080c00000|100%| O|  |TAMS 0x0000000080b00000, 0x0000000080c00000| Untracked 
|  12|0x0000000080c00000, 0x0000000080cc9e00, 0x0000000080d00000| 78%| O|  |TAMS 0x0000000080c00000, 0x0000000080cc9e00| Untracked 
|  13|0x0000000080d00000, 0x0000000080d00000, 0x0000000080e00000|  0%| F|  |TAMS 0x0000000080d00000, 0x0000000080d00000| Untracked 
|  14|0x0000000080e00000, 0x0000000080e00000, 0x0000000080f00000|  0%| F|  |TAMS 0x0000000080e00000, 0x0000000080e00000| Untracked 
|  15|0x0000000080f00000, 0x0000000080f00000, 0x0000000081000000|  0%| F|  |TAMS 0x0000000080f00000, 0x0000000080f00000| Untracked 
|  16|0x0000000081000000, 0x0000000081000000, 0x0000000081100000|  0%| F|  |TAMS 0x0000000081000000, 0x0000000081000000| Untracked 
|  17|0x0000000081100000, 0x0000000081100000, 0x0000000081200000|  0%| F|  |TAMS 0x0000000081100000, 0x0000000081100000| Untracked 
|  18|0x0000000081200000, 0x0000000081200000, 0x0000000081300000|  0%| F|  |TAMS 0x0000000081200000, 0x0000000081200000| Untracked 
|  19|0x0000000081300000, 0x0000000081300000, 0x0000000081400000|  0%| F|  |TAMS 0x0000000081300000, 0x0000000081300000| Untracked 
|  20|0x0000000081400000, 0x0000000081400000, 0x0000000081500000|  0%| F|  |TAMS 0x0000000081400000, 0x0000000081400000| Untracked 
|  21|0x0000000081500000, 0x0000000081500000, 0x0000000081600000|  0%| F|  |TAMS 0x0000000081500000, 0x0000000081500000| Untracked 
|  22|0x0000000081600000, 0x0000000081600000, 0x0000000081700000|  0%| F|  |TAMS 0x0000000081600000, 0x0000000081600000| Untracked 
|  23|0x0000000081700000, 0x0000000081700000, 0x0000000081800000|  0%| F|  |TAMS 0x0000000081700000, 0x0000000081700000| Untracked 
|  24|0x0000000081800000, 0x0000000081800000, 0x0000000081900000|  0%| F|  |TAMS 0x0000000081800000, 0x0000000081800000| Untracked 
|  25|0x0000000081900000, 0x0000000081900000, 0x0000000081a00000|  0%| F|  |TAMS 0x0000000081900000, 0x0000000081900000| Untracked 
|  26|0x0000000081a00000, 0x0000000081a00000, 0x0000000081b00000|  0%| F|  |TAMS 0x0000000081a00000, 0x0000000081a00000| Untracked 
|  27|0x0000000081b00000, 0x0000000081b00000, 0x0000000081c00000|  0%| F|  |TAMS 0x0000000081b00000, 0x0000000081b00000| Untracked 
|  28|0x0000000081c00000, 0x0000000081c00000, 0x0000000081d00000|  0%| F|  |TAMS 0x0000000081c00000, 0x0000000081c00000| Untracked 
|  29|0x0000000081d00000, 0x0000000081d00000, 0x0000000081e00000|  0%| F|  |TAMS 0x0000000081d00000, 0x0000000081d00000| Untracked 
|  30|0x0000000081e00000, 0x0000000081e00000, 0x0000000081f00000|  0%| F|  |TAMS 0x0000000081e00000, 0x0000000081e00000| Untracked 
|  31|0x0000000081f00000, 0x0000000081f00000, 0x0000000082000000|  0%| F|  |TAMS 0x0000000081f00000, 0x0000000081f00000| Untracked 
|  32|0x0000000082000000, 0x0000000082000000, 0x0000000082100000|  0%| F|  |TAMS 0x0000000082000000, 0x0000000082000000| Untracked 
|  33|0x0000000082100000, 0x0000000082100000, 0x0000000082200000|  0%| F|  |TAMS 0x0000000082100000, 0x0000000082100000| Untracked 
|  34|0x0000000082200000, 0x0000000082200000, 0x0000000082300000|  0%| F|  |TAMS 0x0000000082200000, 0x0000000082200000| Untracked 
|  35|0x0000000082300000, 0x0000000082300000, 0x0000000082400000|  0%| F|  |TAMS 0x0000000082300000, 0x0000000082300000| Untracked 
|  36|0x0000000082400000, 0x0000000082400000, 0x0000000082500000|  0%| F|  |TAMS 0x0000000082400000, 0x0000000082400000| Untracked 
|  37|0x0000000082500000, 0x0000000082500000, 0x0000000082600000|  0%| F|  |TAMS 0x0000000082500000, 0x0000000082500000| Untracked 
|  38|0x0000000082600000, 0x0000000082600000, 0x0000000082700000|  0%| F|  |TAMS 0x0000000082600000, 0x0000000082600000| Untracked 
|  39|0x0000000082700000, 0x0000000082700000, 0x0000000082800000|  0%| F|  |TAMS 0x0000000082700000, 0x0000000082700000| Untracked 
|  40|0x0000000082800000, 0x0000000082800000, 0x0000000082900000|  0%| F|  |TAMS 0x0000000082800000, 0x0000000082800000| Untracked 
|  41|0x0000000082900000, 0x0000000082900000, 0x0000000082a00000|  0%| F|  |TAMS 0x0000000082900000, 0x0000000082900000| Untracked 
|  42|0x0000000082a00000, 0x0000000082a00000, 0x0000000082b00000|  0%| F|  |TAMS 0x0000000082a00000, 0x0000000082a00000| Untracked 
|  43|0x0000000082b00000, 0x0000000082b00000, 0x0000000082c00000|  0%| F|  |TAMS 0x0000000082b00000, 0x0000000082b00000| Untracked 
|  44|0x0000000082c00000, 0x0000000082c00000, 0x0000000082d00000|  0%| F|  |TAMS 0x0000000082c00000, 0x0000000082c00000| Untracked 
|  45|0x0000000082d00000, 0x0000000082d00000, 0x0000000082e00000|  0%| F|  |TAMS 0x0000000082d00000, 0x0000000082d00000| Untracked 
|  46|0x0000000082e00000, 0x0000000082e00000, 0x0000000082f00000|  0%| F|  |TAMS 0x0000000082e00000, 0x0000000082e00000| Untracked 
|  47|0x0000000082f00000, 0x0000000082f00000, 0x0000000083000000|  0%| F|  |TAMS 0x0000000082f00000, 0x0000000082f00000| Untracked 
|  48|0x0000000083000000, 0x0000000083000000, 0x0000000083100000|  0%| F|  |TAMS 0x0000000083000000, 0x0000000083000000| Untracked 
|  49|0x0000000083100000, 0x0000000083100000, 0x0000000083200000|  0%| F|  |TAMS 0x0000000083100000, 0x0000000083100000| Untracked 
|  50|0x0000000083200000, 0x0000000083200000, 0x0000000083300000|  0%| F|  |TAMS 0x0000000083200000, 0x0000000083200000| Untracked 
|  51|0x0000000083300000, 0x0000000083300000, 0x0000000083400000|  0%| F|  |TAMS 0x0000000083300000, 0x0000000083300000| Untracked 
|  52|0x0000000083400000, 0x0000000083400000, 0x0000000083500000|  0%| F|  |TAMS 0x0000000083400000, 0x0000000083400000| Untracked 
|  53|0x0000000083500000, 0x0000000083500000, 0x0000000083600000|  0%| F|  |TAMS 0x0000000083500000, 0x0000000083500000| Untracked 
|  54|0x0000000083600000, 0x0000000083600000, 0x0000000083700000|  0%| F|  |TAMS 0x0000000083600000, 0x0000000083600000| Untracked 
|  55|0x0000000083700000, 0x0000000083700000, 0x0000000083800000|  0%| F|  |TAMS 0x0000000083700000, 0x0000000083700000| Untracked 
|  56|0x0000000083800000, 0x0000000083800000, 0x0000000083900000|  0%| F|  |TAMS 0x0000000083800000, 0x0000000083800000| Untracked 
|  57|0x0000000083900000, 0x0000000083900000, 0x0000000083a00000|  0%| F|  |TAMS 0x0000000083900000, 0x0000000083900000| Untracked 
|  58|0x0000000083a00000, 0x0000000083a00000, 0x0000000083b00000|  0%| F|  |TAMS 0x0000000083a00000, 0x0000000083a00000| Untracked 
|  59|0x0000000083b00000, 0x0000000083b00000, 0x0000000083c00000|  0%| F|  |TAMS 0x0000000083b00000, 0x0000000083b00000| Untracked 
|  60|0x0000000083c00000, 0x0000000083c00000, 0x0000000083d00000|  0%| F|  |TAMS 0x0000000083c00000, 0x0000000083c00000| Untracked 
|  61|0x0000000083d00000, 0x0000000083d00000, 0x0000000083e00000|  0%| F|  |TAMS 0x0000000083d00000, 0x0000000083d00000| Untracked 
|  62|0x0000000083e00000, 0x0000000083e00000, 0x0000000083f00000|  0%| F|  |TAMS 0x0000000083e00000, 0x0000000083e00000| Untracked 
|  63|0x0000000083f00000, 0x0000000083f00000, 0x0000000084000000|  0%| F|  |TAMS 0x0000000083f00000, 0x0000000083f00000| Untracked 
|  64|0x0000000084000000, 0x0000000084000000, 0x0000000084100000|  0%| F|  |TAMS 0x0000000084000000, 0x0000000084000000| Untracked 
|  65|0x0000000084100000, 0x0000000084100000, 0x0000000084200000|  0%| F|  |TAMS 0x0000000084100000, 0x0000000084100000| Untracked 
|  66|0x0000000084200000, 0x0000000084200000, 0x0000000084300000|  0%| F|  |TAMS 0x0000000084200000, 0x0000000084200000| Untracked 
|  67|0x0000000084300000, 0x0000000084300000, 0x0000000084400000|  0%| F|  |TAMS 0x0000000084300000, 0x0000000084300000| Untracked 
|  68|0x0000000084400000, 0x0000000084400000, 0x0000000084500000|  0%| F|  |TAMS 0x0000000084400000, 0x0000000084400000| Untracked 
|  69|0x0000000084500000, 0x0000000084500000, 0x0000000084600000|  0%| F|  |TAMS 0x0000000084500000, 0x0000000084500000| Untracked 
|  70|0x0000000084600000, 0x0000000084600000, 0x0000000084700000|  0%| F|  |TAMS 0x0000000084600000, 0x0000000084600000| Untracked 
|  71|0x0000000084700000, 0x0000000084700000, 0x0000000084800000|  0%| F|  |TAMS 0x0000000084700000, 0x0000000084700000| Untracked 
|  72|0x0000000084800000, 0x0000000084800000, 0x0000000084900000|  0%| F|  |TAMS 0x0000000084800000, 0x0000000084800000| Untracked 
|  73|0x0000000084900000, 0x0000000084900000, 0x0000000084a00000|  0%| F|  |TAMS 0x0000000084900000, 0x0000000084900000| Untracked 
|  74|0x0000000084a00000, 0x0000000084a00000, 0x0000000084b00000|  0%| F|  |TAMS 0x0000000084a00000, 0x0000000084a00000| Untracked 
|  75|0x0000000084b00000, 0x0000000084b00000, 0x0000000084c00000|  0%| F|  |TAMS 0x0000000084b00000, 0x0000000084b00000| Untracked 
|  76|0x0000000084c00000, 0x0000000084c00000, 0x0000000084d00000|  0%| F|  |TAMS 0x0000000084c00000, 0x0000000084c00000| Untracked 
|  77|0x0000000084d00000, 0x0000000084d00000, 0x0000000084e00000|  0%| F|  |TAMS 0x0000000084d00000, 0x0000000084d00000| Untracked 
|  78|0x0000000084e00000, 0x0000000084e00000, 0x0000000084f00000|  0%| F|  |TAMS 0x0000000084e00000, 0x0000000084e00000| Untracked 
|  79|0x0000000084f00000, 0x0000000084f00000, 0x0000000085000000|  0%| F|  |TAMS 0x0000000084f00000, 0x0000000084f00000| Untracked 
|  80|0x0000000085000000, 0x0000000085000000, 0x0000000085100000|  0%| F|  |TAMS 0x0000000085000000, 0x0000000085000000| Untracked 
|  81|0x0000000085100000, 0x0000000085100000, 0x0000000085200000|  0%| F|  |TAMS 0x0000000085100000, 0x0000000085100000| Untracked 
|  82|0x0000000085200000, 0x0000000085200000, 0x0000000085300000|  0%| F|  |TAMS 0x0000000085200000, 0x0000000085200000| Untracked 
|  83|0x0000000085300000, 0x0000000085300000, 0x0000000085400000|  0%| F|  |TAMS 0x0000000085300000, 0x0000000085300000| Untracked 
|  84|0x0000000085400000, 0x0000000085400000, 0x0000000085500000|  0%| F|  |TAMS 0x0000000085400000, 0x0000000085400000| Untracked 
|  85|0x0000000085500000, 0x0000000085500000, 0x0000000085600000|  0%| F|  |TAMS 0x0000000085500000, 0x0000000085500000| Untracked 
|  86|0x0000000085600000, 0x0000000085600000, 0x0000000085700000|  0%| F|  |TAMS 0x0000000085600000, 0x0000000085600000| Untracked 
|  87|0x0000000085700000, 0x0000000085700000, 0x0000000085800000|  0%| F|  |TAMS 0x0000000085700000, 0x0000000085700000| Untracked 
|  88|0x0000000085800000, 0x0000000085800000, 0x0000000085900000|  0%| F|  |TAMS 0x0000000085800000, 0x0000000085800000| Untracked 
|  89|0x0000000085900000, 0x0000000085900000, 0x0000000085a00000|  0%| F|  |TAMS 0x0000000085900000, 0x0000000085900000| Untracked 
|  90|0x0000000085a00000, 0x0000000085a00000, 0x0000000085b00000|  0%| F|  |TAMS 0x0000000085a00000, 0x0000000085a00000| Untracked 
|  91|0x0000000085b00000, 0x0000000085b00000, 0x0000000085c00000|  0%| F|  |TAMS 0x0000000085b00000, 0x0000000085b00000| Untracked 
|  92|0x0000000085c00000, 0x0000000085c00000, 0x0000000085d00000|  0%| F|  |TAMS 0x0000000085c00000, 0x0000000085c00000| Untracked 
|  93|0x0000000085d00000, 0x0000000085d00000, 0x0000000085e00000|  0%| F|  |TAMS 0x0000000085d00000, 0x0000000085d00000| Untracked 
|  94|0x0000000085e00000, 0x0000000085e00000, 0x0000000085f00000|  0%| F|  |TAMS 0x0000000085e00000, 0x0000000085e00000| Untracked 
|  95|0x0000000085f00000, 0x0000000085f00000, 0x0000000086000000|  0%| F|  |TAMS 0x0000000085f00000, 0x0000000085f00000| Untracked 
|  96|0x0000000086000000, 0x0000000086000000, 0x0000000086100000|  0%| F|  |TAMS 0x0000000086000000, 0x0000000086000000| Untracked 
|  97|0x0000000086100000, 0x0000000086100000, 0x0000000086200000|  0%| F|  |TAMS 0x0000000086100000, 0x0000000086100000| Untracked 
|  98|0x0000000086200000, 0x0000000086200000, 0x0000000086300000|  0%| F|  |TAMS 0x0000000086200000, 0x0000000086200000| Untracked 
|  99|0x0000000086300000, 0x0000000086300000, 0x0000000086400000|  0%| F|  |TAMS 0x0000000086300000, 0x0000000086300000| Untracked 
| 100|0x0000000086400000, 0x0000000086400000, 0x0000000086500000|  0%| F|  |TAMS 0x0000000086400000, 0x0000000086400000| Untracked 
| 101|0x0000000086500000, 0x0000000086500000, 0x0000000086600000|  0%| F|  |TAMS 0x0000000086500000, 0x0000000086500000| Untracked 
| 102|0x0000000086600000, 0x0000000086600000, 0x0000000086700000|  0%| F|  |TAMS 0x0000000086600000, 0x0000000086600000| Untracked 
| 103|0x0000000086700000, 0x0000000086700000, 0x0000000086800000|  0%| F|  |TAMS 0x0000000086700000, 0x0000000086700000| Untracked 
| 104|0x0000000086800000, 0x0000000086800000, 0x0000000086900000|  0%| F|  |TAMS 0x0000000086800000, 0x0000000086800000| Untracked 
| 105|0x0000000086900000, 0x0000000086900000, 0x0000000086a00000|  0%| F|  |TAMS 0x0000000086900000, 0x0000000086900000| Untracked 
| 106|0x0000000086a00000, 0x0000000086a00000, 0x0000000086b00000|  0%| F|  |TAMS 0x0000000086a00000, 0x0000000086a00000| Untracked 
| 107|0x0000000086b00000, 0x0000000086b00000, 0x0000000086c00000|  0%| F|  |TAMS 0x0000000086b00000, 0x0000000086b00000| Untracked 
| 108|0x0000000086c00000, 0x0000000086c00000, 0x0000000086d00000|  0%| F|  |TAMS 0x0000000086c00000, 0x0000000086c00000| Untracked 
| 109|0x0000000086d00000, 0x0000000086d00000, 0x0000000086e00000|  0%| F|  |TAMS 0x0000000086d00000, 0x0000000086d00000| Untracked 
| 110|0x0000000086e00000, 0x0000000086e00000, 0x0000000086f00000|  0%| F|  |TAMS 0x0000000086e00000, 0x0000000086e00000| Untracked 
| 111|0x0000000086f00000, 0x0000000086f00000, 0x0000000087000000|  0%| F|  |TAMS 0x0000000086f00000, 0x0000000086f00000| Untracked 
| 112|0x0000000087000000, 0x0000000087000000, 0x0000000087100000|  0%| F|  |TAMS 0x0000000087000000, 0x0000000087000000| Untracked 
| 113|0x0000000087100000, 0x0000000087100000, 0x0000000087200000|  0%| F|  |TAMS 0x0000000087100000, 0x0000000087100000| Untracked 
| 114|0x0000000087200000, 0x0000000087200000, 0x0000000087300000|  0%| F|  |TAMS 0x0000000087200000, 0x0000000087200000| Untracked 
| 115|0x0000000087300000, 0x0000000087300000, 0x0000000087400000|  0%| F|  |TAMS 0x0000000087300000, 0x0000000087300000| Untracked 
| 116|0x0000000087400000, 0x0000000087400000, 0x0000000087500000|  0%| F|  |TAMS 0x0000000087400000, 0x0000000087400000| Untracked 
| 117|0x0000000087500000, 0x0000000087500000, 0x0000000087600000|  0%| F|  |TAMS 0x0000000087500000, 0x0000000087500000| Untracked 
| 118|0x0000000087600000, 0x0000000087600000, 0x0000000087700000|  0%| F|  |TAMS 0x0000000087600000, 0x0000000087600000| Untracked 
| 119|0x0000000087700000, 0x0000000087700000, 0x0000000087800000|  0%| F|  |TAMS 0x0000000087700000, 0x0000000087700000| Untracked 
| 120|0x0000000087800000, 0x0000000087800000, 0x0000000087900000|  0%| F|  |TAMS 0x0000000087800000, 0x0000000087800000| Untracked 
| 121|0x0000000087900000, 0x00000000879d6088, 0x0000000087a00000| 83%| S|CS|TAMS 0x0000000087900000, 0x0000000087900000| Complete 
| 122|0x0000000087a00000, 0x0000000087b00000, 0x0000000087b00000|100%| S|CS|TAMS 0x0000000087a00000, 0x0000000087a00000| Complete 
| 123|0x0000000087b00000, 0x0000000087c00000, 0x0000000087c00000|100%| S|CS|TAMS 0x0000000087b00000, 0x0000000087b00000| Complete 
| 124|0x0000000087c00000, 0x0000000087c00000, 0x0000000087d00000|  0%| F|  |TAMS 0x0000000087c00000, 0x0000000087c00000| Untracked 
| 125|0x0000000087d00000, 0x0000000087d00000, 0x0000000087e00000|  0%| F|  |TAMS 0x0000000087d00000, 0x0000000087d00000| Untracked 
| 126|0x0000000087e00000, 0x0000000087e00000, 0x0000000087f00000|  0%| F|  |TAMS 0x0000000087e00000, 0x0000000087e00000| Untracked 
| 127|0x0000000087f00000, 0x0000000087f00000, 0x0000000088000000|  0%| F|  |TAMS 0x0000000087f00000, 0x0000000087f00000| Untracked 

Card table byte_map: [0x0000020f18f00000,0x0000020f19300000] _byte_map_base: 0x0000020f18b00000

Marking Bits (Prev, Next): (CMBitMap*) 0x0000020f0439a378, (CMBitMap*) 0x0000020f0439a3b0
 Prev Bits: [0x0000020f19700000, 0x0000020f1b700000)
 Next Bits: [0x0000020f1b700000, 0x0000020f1d700000)

Polling page: 0x0000020f04440000

Metaspace:

Usage:
  Non-class:     16.73 MB capacity,    16.48 MB ( 98%) used,   228.97 KB (  1%) free+waste,    33.19 KB ( <1%) overhead. 
      Class:      2.43 MB capacity,     2.29 MB ( 94%) used,   131.54 KB (  5%) free+waste,    16.44 KB ( <1%) overhead. 
       Both:     19.17 MB capacity,    18.77 MB ( 98%) used,   360.51 KB (  2%) free+waste,    49.63 KB ( <1%) overhead. 

Virtual space:
  Non-class space:       26.00 MB reserved,      16.75 MB ( 64%) committed 
      Class space:        1.00 GB reserved,       2.50 MB ( <1%) committed 
             Both:        1.03 GB reserved,      19.25 MB (  2%) committed 

Chunk freelists:
   Non-Class:  19.00 KB
       Class:  3.00 KB
        Both:  22.00 KB

MaxMetaspaceSize: 17179869184.00 GB
CompressedClassSpaceSize: 1.00 GB

CodeHeap 'non-profiled nmethods': size=120064Kb used=726Kb max_used=737Kb free=119338Kb
 bounds [0x0000020f10fa0000, 0x0000020f11210000, 0x0000020f184e0000]
CodeHeap 'profiled nmethods': size=120000Kb used=3191Kb max_used=3435Kb free=116808Kb
 bounds [0x0000020f09a70000, 0x0000020f09dd0000, 0x0000020f10fa0000]
CodeHeap 'non-nmethods': size=5696Kb used=1116Kb max_used=1133Kb free=4579Kb
 bounds [0x0000020f094e0000, 0x0000020f09750000, 0x0000020f09a70000]
 total_blobs=2039 nmethods=1591 adapters=360
 compilation: enabled
              stopped_count=0, restarted_count=0
 full_count=0

Compilation events (20 events):
Event: 8.314 Thread 0x0000020f1fd5e800 1819       3       org.gradle.internal.service.DefaultServiceRegistry$ManagedObjectServiceProvider::<init> (21 bytes)
Event: 8.315 Thread 0x0000020f1fd5e800 nmethod 1819 0x0000020f09b11710 code [0x0000020f09b11900, 0x0000020f09b11ed8]
Event: 8.315 Thread 0x0000020f1fd5e800 1820       3       org.gradle.internal.service.DefaultServiceRegistry$OwnServices::add (66 bytes)
Event: 8.316 Thread 0x0000020f1fd5e800 nmethod 1820 0x0000020f09b34f90 code [0x0000020f09b352a0, 0x0000020f09b36438]
Event: 8.316 Thread 0x0000020f1fd5e800 1821       3       org.gradle.internal.service.DefaultServiceRegistry::access$1000 (5 bytes)
Event: 8.316 Thread 0x0000020f1fd5e800 nmethod 1821 0x0000020f09ac7f90 code [0x0000020f09ac8140, 0x0000020f09ac8248]
Event: 8.316 Thread 0x0000020f1fd5e800 1822       3       org.gradle.internal.service.DefaultServiceRegistry$OwnServices$ProviderAnalyser::addProviderForClassHierarchy (16 bytes)
Event: 8.316 Thread 0x0000020f1fd5e800 nmethod 1822 0x0000020f09af8810 code [0x0000020f09af89e0, 0x0000020f09af8bd8]
Event: 8.317 Thread 0x0000020f1fd5a800 1823       4       java.util.jar.JarFile::maybeInstantiateVerifier (112 bytes)
Event: 8.325 Thread 0x0000020f1fd5e800 1824       3       java.lang.invoke.MethodHandles$Lookup::<init> (15 bytes)
Event: 8.325 Thread 0x0000020f1fd5e800 nmethod 1824 0x0000020f09afcc10 code [0x0000020f09afcdc0, 0x0000020f09afcf78]
Event: 8.325 Thread 0x0000020f1fd5e800 1825       3       java.lang.invoke.TypeConvertingMethodAdapter::descriptorToName (36 bytes)
Event: 8.326 Thread 0x0000020f1fd5e800 nmethod 1825 0x0000020f09b47b90 code [0x0000020f09b47e20, 0x0000020f09b489a8]
Event: 8.330 Thread 0x0000020f1fd5a800 nmethod 1823 0x0000020f10ffd290 code [0x0000020f10ffd460, 0x0000020f10ffd8e8]
Event: 8.332 Thread 0x0000020f1fd5e800 1826       3       org.gradle.internal.service.DefaultServiceRegistry$OwnServices::getProviders (26 bytes)
Event: 8.332 Thread 0x0000020f1fd5e800 nmethod 1826 0x0000020f09b02410 code [0x0000020f09b025e0, 0x0000020f09b02948]
Event: 8.332 Thread 0x0000020f1fd5e800 1828       3       java.util.ArrayList::isEmpty (13 bytes)
Event: 8.332 Thread 0x0000020f1fd5e800 nmethod 1828 0x0000020f09b08a10 code [0x0000020f09b08bc0, 0x0000020f09b08d18]
Event: 8.332 Thread 0x0000020f1fd5e800 1827       1       org.gradle.internal.service.DefaultServiceRegistry::access$1600 (5 bytes)
Event: 8.332 Thread 0x0000020f1fd5e800 nmethod 1827 0x0000020f10ff2810 code [0x0000020f10ff29c0, 0x0000020f10ff2a58]

GC Heap History (10 events):
Event: 1.535 GC heap before
{Heap before GC invocations=0 (full 0):
 garbage-first heap   total 131072K, used 19456K [0x0000000080000000, 0x0000000100000000)
  region size 1024K, 14 young (14336K), 0 survivors (0K)
 Metaspace       used 7452K, capacity 7663K, committed 7936K, reserved 1056768K
  class space    used 686K, capacity 748K, committed 768K, reserved 1048576K
}
Event: 1.543 GC heap after
{Heap after GC invocations=1 (full 0):
 garbage-first heap   total 131072K, used 7869K [0x0000000080000000, 0x0000000100000000)
  region size 1024K, 2 young (2048K), 2 survivors (2048K)
 Metaspace       used 7452K, capacity 7663K, committed 7936K, reserved 1056768K
  class space    used 686K, capacity 748K, committed 768K, reserved 1048576K
}
Event: 2.268 GC heap before
{Heap before GC invocations=1 (full 0):
 garbage-first heap   total 131072K, used 19133K [0x0000000080000000, 0x0000000100000000)
  region size 1024K, 13 young (13312K), 2 survivors (2048K)
 Metaspace       used 10825K, capacity 11005K, committed 11264K, reserved 1058816K
  class space    used 1145K, capacity 1203K, committed 1280K, reserved 1048576K
}
Event: 2.271 GC heap after
{Heap after GC invocations=2 (full 0):
 garbage-first heap   total 131072K, used 8750K [0x0000000080000000, 0x0000000100000000)
  region size 1024K, 1 young (1024K), 1 survivors (1024K)
 Metaspace       used 10825K, capacity 11005K, committed 11264K, reserved 1058816K
  class space    used 1145K, capacity 1203K, committed 1280K, reserved 1048576K
}
Event: 3.066 GC heap before
{Heap before GC invocations=2 (full 0):
 garbage-first heap   total 131072K, used 37422K [0x0000000080000000, 0x0000000100000000)
  region size 1024K, 30 young (30720K), 1 survivors (1024K)
 Metaspace       used 11011K, capacity 11262K, committed 11520K, reserved 1058816K
  class space    used 1147K, capacity 1203K, committed 1280K, reserved 1048576K
}
Event: 3.070 GC heap after
{Heap after GC invocations=3 (full 0):
 garbage-first heap   total 131072K, used 13108K [0x0000000080000000, 0x0000000100000000)
  region size 1024K, 4 young (4096K), 4 survivors (4096K)
 Metaspace       used 11011K, capacity 11262K, committed 11520K, reserved 1058816K
  class space    used 1147K, capacity 1203K, committed 1280K, reserved 1048576K
}
Event: 8.269 GC heap before
{Heap before GC invocations=3 (full 0):
 garbage-first heap   total 131072K, used 55092K [0x0000000080000000, 0x0000000100000000)
  region size 1024K, 45 young (46080K), 4 survivors (4096K)
 Metaspace       used 18974K, capacity 19394K, committed 19712K, reserved 1067008K
  class space    used 2299K, capacity 2458K, committed 2560K, reserved 1048576K
}
Event: 8.288 GC heap after
{Heap after GC invocations=4 (full 0):
 garbage-first heap   total 131072K, used 16025K [0x0000000080000000, 0x0000000100000000)
  region size 1024K, 3 young (3072K), 3 survivors (3072K)
 Metaspace       used 18974K, capacity 19394K, committed 19712K, reserved 1067008K
  class space    used 2299K, capacity 2458K, committed 2560K, reserved 1048576K
}
Event: 8.334 GC heap before
{Heap before GC invocations=4 (full 0):
 garbage-first heap   total 131072K, used 19097K [0x0000000080000000, 0x0000000100000000)
  region size 1024K, 7 young (7168K), 3 survivors (3072K)
 Metaspace       used 19215K, capacity 19626K, committed 19712K, reserved 1073152K
  class space    used 2345K, capacity 2493K, committed 2560K, reserved 1048576K
}
Event: 8.340 GC heap after
{Heap after GC invocations=5 (full 0):
 garbage-first heap   total 131072K, used 15999K [0x0000000080000000, 0x0000000100000000)
  region size 1024K, 3 young (3072K), 3 survivors (3072K)
 Metaspace       used 19215K, capacity 19626K, committed 19712K, reserved 1073152K
  class space    used 2345K, capacity 2493K, committed 2560K, reserved 1048576K
}

Deoptimization events (20 events):
Event: 7.369 Thread 0x0000020f21ca5800 Uncommon trap: trap_request=0xffffffc6 fr.pc=0x0000020f11000ad4 relative=0x0000000000000114
Event: 7.369 Thread 0x0000020f21ca5800 Uncommon trap: reason=bimorphic_or_optimized_type_check action=maybe_recompile pc=0x0000020f11000ad4 method=java.util.AbstractList$Itr.next()Ljava/lang/Object; @ 14 c2
Event: 7.369 Thread 0x0000020f21ca5800 DEOPT PACKING pc=0x0000020f11000ad4 sp=0x00000018a73fe140
Event: 7.369 Thread 0x0000020f21ca5800 DEOPT UNPACKING pc=0x0000020f095074af sp=0x00000018a73fe0d8 mode 2
Event: 7.526 Thread 0x0000020f210c2800 Uncommon trap: trap_request=0xffffffc6 fr.pc=0x0000020f10fcf1f0 relative=0x0000000000000a50
Event: 7.526 Thread 0x0000020f210c2800 Uncommon trap: reason=bimorphic_or_optimized_type_check action=maybe_recompile pc=0x0000020f10fcf1f0 method=java.util.HashMap.putVal(ILjava/lang/Object;Ljava/lang/Object;ZZ)Ljava/lang/Object; @ 253 c2
Event: 7.526 Thread 0x0000020f210c2800 DEOPT PACKING pc=0x0000020f10fcf1f0 sp=0x00000018a78fe860
Event: 7.526 Thread 0x0000020f210c2800 DEOPT UNPACKING pc=0x0000020f095074af sp=0x00000018a78fe7f0 mode 2
Event: 7.527 Thread 0x0000020f210c2800 Uncommon trap: trap_request=0xffffffc6 fr.pc=0x0000020f10fcf1f0 relative=0x0000000000000a50
Event: 7.527 Thread 0x0000020f210c2800 Uncommon trap: reason=bimorphic_or_optimized_type_check action=maybe_recompile pc=0x0000020f10fcf1f0 method=java.util.HashMap.putVal(ILjava/lang/Object;Ljava/lang/Object;ZZ)Ljava/lang/Object; @ 253 c2
Event: 7.527 Thread 0x0000020f210c2800 DEOPT PACKING pc=0x0000020f10fcf1f0 sp=0x00000018a78fe950
Event: 7.527 Thread 0x0000020f210c2800 DEOPT UNPACKING pc=0x0000020f095074af sp=0x00000018a78fe8e0 mode 2
Event: 7.527 Thread 0x0000020f210c2800 Uncommon trap: trap_request=0xffffffc6 fr.pc=0x0000020f10fcf1f0 relative=0x0000000000000a50
Event: 7.527 Thread 0x0000020f210c2800 Uncommon trap: reason=bimorphic_or_optimized_type_check action=maybe_recompile pc=0x0000020f10fcf1f0 method=java.util.HashMap.putVal(ILjava/lang/Object;Ljava/lang/Object;ZZ)Ljava/lang/Object; @ 253 c2
Event: 7.527 Thread 0x0000020f210c2800 DEOPT PACKING pc=0x0000020f10fcf1f0 sp=0x00000018a78fe860
Event: 7.527 Thread 0x0000020f210c2800 DEOPT UNPACKING pc=0x0000020f095074af sp=0x00000018a78fe7f0 mode 2
Event: 7.527 Thread 0x0000020f210c2800 Uncommon trap: trap_request=0xffffffc6 fr.pc=0x0000020f10fcf1f0 relative=0x0000000000000a50
Event: 7.527 Thread 0x0000020f210c2800 Uncommon trap: reason=bimorphic_or_optimized_type_check action=maybe_recompile pc=0x0000020f10fcf1f0 method=java.util.HashMap.putVal(ILjava/lang/Object;Ljava/lang/Object;ZZ)Ljava/lang/Object; @ 253 c2
Event: 7.527 Thread 0x0000020f210c2800 DEOPT PACKING pc=0x0000020f10fcf1f0 sp=0x00000018a78fe950
Event: 7.527 Thread 0x0000020f210c2800 DEOPT UNPACKING pc=0x0000020f095074af sp=0x00000018a78fe8e0 mode 2

Classes redefined (0 events):
No events

Internal exceptions (20 events):
Event: 3.020 Thread 0x0000020f0435f000 Exception <a 'java/security/PrivilegedActionException'{0x0000000086468b38}> (0x0000000086468b38) thrown at [./src/hotspot/share/prims/jvm.cpp, line 1297]
Event: 3.020 Thread 0x0000020f0435f000 Exception <a 'java/security/PrivilegedActionException'{0x00000000864690b0}> (0x00000000864690b0) thrown at [./src/hotspot/share/prims/jvm.cpp, line 1297]
Event: 3.020 Thread 0x0000020f0435f000 Exception <a 'java/security/PrivilegedActionException'{0x000000008646a490}> (0x000000008646a490) thrown at [./src/hotspot/share/prims/jvm.cpp, line 1297]
Event: 3.020 Thread 0x0000020f0435f000 Exception <a 'java/security/PrivilegedActionException'{0x000000008646aa08}> (0x000000008646aa08) thrown at [./src/hotspot/share/prims/jvm.cpp, line 1297]
Event: 3.623 Thread 0x0000020f0435f000 Exception <a 'java/lang/NoSuchMethodError'{0x00000000872e0f08}: 'java.lang.Object java.lang.invoke.DirectMethodHandle$Holder.invokeStaticInit(java.lang.Object, java.lang.Object, java.lang.Object)'> (0x00000000872e0f08) thrown at [./src/hotspot/share/interpreter/linkResolver.cpp, line 773]
Event: 4.155 Thread 0x0000020f0435f000 Exception <a 'java/lang/NoSuchMethodError'{0x0000000086d74c38}: 'java.lang.Object java.lang.invoke.Invokers$Holder.invoker(java.lang.Object, java.lang.Object, java.lang.Object, java.lang.Object, java.lang.Object)'> (0x0000000086d74c38) thrown at [./src/hotspot/share/interpreter/linkResolver.cpp, line 773]
Event: 4.160 Thread 0x0000020f0435f000 Exception <a 'java/lang/NoSuchMethodError'{0x0000000086d85b00}: 'void java.lang.invoke.DelegatingMethodHandle$Holder.delegate(java.lang.Object, java.lang.Object, int, java.lang.Object)'> (0x0000000086d85b00) thrown at [./src/hotspot/share/interpreter/linkResolver.cpp, line 773]
Event: 4.203 Thread 0x0000020f0435f000 Exception <a 'java/lang/NoSuchMethodError'{0x0000000086c42268}: 'java.lang.Object java.lang.invoke.DirectMethodHandle$Holder.invokeStaticInit(java.lang.Object, int, int, int, int)'> (0x0000000086c42268) thrown at [./src/hotspot/share/interpreter/linkResolver.cpp, line 773]
Event: 5.536 Thread 0x0000020f0435f000 Exception <a 'java/lang/NoSuchMethodError'{0x0000000086c73d18}: 'java.lang.Object java.lang.invoke.DirectMethodHandle$Holder.invokeStaticInit(java.lang.Object, java.lang.Object, int, int, int, int)'> (0x0000000086c73d18) thrown at [./src/hotspot/share/interpreter/linkResolver.cpp, line 773]
Event: 7.328 Thread 0x0000020f0435f000 Exception <a 'java/io/IOException'{0x0000000086aac270}> (0x0000000086aac270) thrown at [./src/hotspot/share/prims/jni.cpp, line 615]
Event: 7.469 Thread 0x0000020f218c1800 Exception <a 'java/lang/NoSuchMethodError'{0x00000000869f2cd0}: <clinit>> (0x00000000869f2cd0) thrown at [./src/hotspot/share/prims/jni.cpp, line 1362]
Event: 7.471 Thread 0x0000020f218c1800 Exception <a 'java/lang/NoSuchMethodError'{0x00000000869fb568}: <clinit>> (0x00000000869fb568) thrown at [./src/hotspot/share/prims/jni.cpp, line 1362]
Event: 7.476 Thread 0x0000020f218c1800 Exception <a 'java/lang/NoSuchMethodError'{0x000000008680eb78}: <clinit>> (0x000000008680eb78) thrown at [./src/hotspot/share/prims/jni.cpp, line 1362]
Event: 7.489 Thread 0x0000020f218c1800 Exception <a 'java/lang/NoSuchMethodError'{0x000000008685c9d0}: <clinit>> (0x000000008685c9d0) thrown at [./src/hotspot/share/prims/jni.cpp, line 1362]
Event: 7.494 Thread 0x0000020f218c1800 Exception <a 'java/lang/NoSuchMethodError'{0x00000000868980e8}: <clinit>> (0x00000000868980e8) thrown at [./src/hotspot/share/prims/jni.cpp, line 1362]
Event: 7.502 Thread 0x0000020f218c1800 Exception <a 'java/lang/NoSuchMethodError'{0x00000000868caba0}: <clinit>> (0x00000000868caba0) thrown at [./src/hotspot/share/prims/jni.cpp, line 1362]
Event: 7.625 Thread 0x0000020f210c2800 Exception <a 'java/lang/NoSuchMethodError'{0x00000000865d84f0}: 'void java.lang.invoke.DelegatingMethodHandle$Holder.reinvoke_L(java.lang.Object, java.lang.Object, java.lang.Object, java.lang.Object)'> (0x00000000865d84f0) thrown at [./src/hotspot/share/interpreter/linkResolver.cpp, line 773]
Event: 7.645 Thread 0x0000020f210c2800 Exception <a 'java/lang/NoSuchMethodError'{0x000000008640f908}: 'long java.lang.invoke.DirectMethodHandle$Holder.invokeInterface(java.lang.Object, java.lang.Object)'> (0x000000008640f908) thrown at [./src/hotspot/share/interpreter/linkResolver.cpp, line 773]
Event: 7.650 Thread 0x0000020f210c2800 Exception <a 'java/lang/NoSuchMethodError'{0x00000000864311b0}: 'void java.lang.invoke.DelegatingMethodHandle$Holder.reinvoke_L(java.lang.Object, java.lang.Object, java.lang.Object, java.lang.Object, java.lang.Object, java.lang.Object, java.lang.Object)'> (0x00000000864311b0) thrown at [./src/hotspot/share/interpreter/linkResolver.cpp, line 773]
Event: 8.295 Thread 0x0000020f210c2800 Exception <a 'java/lang/NoSuchMethodError'{0x0000000087fc5790}: 'java.lang.Object java.lang.invoke.DirectMethodHandle$Holder.invokeVirtual(java.lang.Object, java.lang.Object, java.lang.Object)'> (0x0000000087fc5790) thrown at [./src/hotspot/share/interpreter/linkResolver.cpp, line 773]

Events (20 events):
Event: 8.330 loading class org/gradle/tooling/internal/protocol/InternalBuildActionFailureException done
Event: 8.331 loading class org/gradle/tooling/internal/provider/runner/ClientProvidedPhasedActionRunner
Event: 8.331 loading class org/gradle/tooling/internal/provider/runner/ClientProvidedPhasedActionRunner done
Event: 8.332 loading class org/gradle/cache/internal/DefaultCacheFactory
Event: 8.332 loading class org/gradle/cache/internal/DefaultCacheFactory done
Event: 8.333 loading class org/gradle/cache/internal/ReferencablePersistentCache
Event: 8.333 loading class org/gradle/cache/internal/ReferencablePersistentCache done
Event: 8.333 loading class org/gradle/cache/PersistentCache
Event: 8.333 loading class org/gradle/cache/PersistentCache done
Event: 8.333 loading class org/gradle/cache/CacheAccess
Event: 8.333 loading class org/gradle/cache/CacheAccess done
Event: 8.333 loading class org/gradle/cache/CleanableStore
Event: 8.333 loading class org/gradle/cache/CleanableStore done
Event: 8.333 loading class org/gradle/cache/internal/DefaultCacheRepository
Event: 8.333 loading class org/gradle/cache/internal/DefaultCacheRepository done
Event: 8.334 loading class org/gradle/cache/CacheBuilder
Event: 8.334 loading class org/gradle/cache/CacheBuilder done
Event: 8.334 loading class org/gradle/cache/internal/DefaultCacheRepository$PersistentCacheBuilder
Event: 8.334 loading class org/gradle/cache/internal/DefaultCacheRepository$PersistentCacheBuilder done
Event: 8.334 Executing VM operation: CollectForMetadataAllocation


Dynamic libraries:
0x00007ff68bba0000 - 0x00007ff68bbaa000 	C:\Program Files\Android\Android Studio\jre\bin\java.exe
0x00007fff7f670000 - 0x00007fff7f865000 	C:\Windows\SYSTEM32\ntdll.dll
0x00007fff7ec90000 - 0x00007fff7ed4d000 	C:\Windows\System32\KERNEL32.DLL
0x00007fff7d090000 - 0x00007fff7d358000 	C:\Windows\System32\KERNELBASE.dll
0x00007fff7cf40000 - 0x00007fff7d040000 	C:\Windows\System32\ucrtbase.dll
0x00007fff578d0000 - 0x00007fff578e9000 	C:\Program Files\Android\Android Studio\jre\bin\jli.dll
0x00007fff7ef10000 - 0x00007fff7f0b0000 	C:\Windows\System32\USER32.dll
0x00007fff7d4c0000 - 0x00007fff7d4e2000 	C:\Windows\System32\win32u.dll
0x00007fff7d750000 - 0x00007fff7d77a000 	C:\Windows\System32\GDI32.dll
0x00007fff7d520000 - 0x00007fff7d62b000 	C:\Windows\System32\gdi32full.dll
0x00007fff7d630000 - 0x00007fff7d6cd000 	C:\Windows\System32\msvcp_win.dll
0x00007fff56240000 - 0x00007fff56257000 	C:\Program Files\Android\Android Studio\jre\bin\VCRUNTIME140.dll
0x00007fff6a9b0000 - 0x00007fff6ac4a000 	C:\Windows\WinSxS\amd64_microsoft.windows.common-controls_6595b64144ccf1df_6.0.19041.844_none_ca00b6081b84eb1d\COMCTL32.dll
0x00007fff7f590000 - 0x00007fff7f62e000 	C:\Windows\System32\msvcrt.dll
0x00007fff7f500000 - 0x00007fff7f530000 	C:\Windows\System32\IMM32.DLL
0x00007fff53f90000 - 0x00007fff5402d000 	C:\Program Files\Android\Android Studio\jre\bin\msvcp140.dll
0x00007fff39dc0000 - 0x00007fff3a87c000 	C:\Program Files\Android\Android Studio\jre\bin\server\jvm.dll
0x00007fff7d830000 - 0x00007fff7d8dc000 	C:\Windows\System32\ADVAPI32.dll
0x00007fff7d790000 - 0x00007fff7d82b000 	C:\Windows\System32\sechost.dll
0x00007fff7f110000 - 0x00007fff7f23b000 	C:\Windows\System32\RPCRT4.dll
0x00007fff7ef00000 - 0x00007fff7ef08000 	C:\Windows\System32\PSAPI.DLL
0x00007fff77ef0000 - 0x00007fff77ef9000 	C:\Windows\SYSTEM32\WSOCK32.dll
0x00007fff7ee90000 - 0x00007fff7eefb000 	C:\Windows\System32\WS2_32.dll
0x00007fff58ed0000 - 0x00007fff58ef7000 	C:\Windows\SYSTEM32\WINMM.dll
0x00007fff6dc40000 - 0x00007fff6dc4a000 	C:\Windows\SYSTEM32\VERSION.dll
0x00007fff7b660000 - 0x00007fff7b672000 	C:\Windows\SYSTEM32\kernel.appcore.dll
0x00007fff77d50000 - 0x00007fff77d61000 	C:\Program Files\Android\Android Studio\jre\bin\verify.dll
0x00007fff78290000 - 0x00007fff78474000 	C:\Windows\SYSTEM32\DBGHELP.DLL
0x00007fff5da30000 - 0x00007fff5da5c000 	C:\Windows\SYSTEM32\dbgcore.DLL
0x00007fff7ce10000 - 0x00007fff7ce90000 	C:\Windows\System32\bcryptPrimitives.dll
0x00007fff769a0000 - 0x00007fff769c9000 	C:\Program Files\Android\Android Studio\jre\bin\java.dll
0x00007fff76980000 - 0x00007fff7698b000 	C:\Program Files\Android\Android Studio\jre\bin\jimage.dll
0x00007fff76960000 - 0x00007fff76978000 	C:\Program Files\Android\Android Studio\jre\bin\zip.dll
0x00007fff7e040000 - 0x00007fff7e782000 	C:\Windows\System32\SHELL32.dll
0x00007fff7a930000 - 0x00007fff7b0c0000 	C:\Windows\SYSTEM32\windows.storage.dll
0x00007fff7dbc0000 - 0x00007fff7df15000 	C:\Windows\System32\combase.dll
0x00007fff7c7b0000 - 0x00007fff7c7dc000 	C:\Windows\SYSTEM32\Wldp.dll
0x00007fff7ede0000 - 0x00007fff7ee8e000 	C:\Windows\System32\SHCORE.dll
0x00007fff7f310000 - 0x00007fff7f365000 	C:\Windows\System32\shlwapi.dll
0x00007fff7ccf0000 - 0x00007fff7cd0f000 	C:\Windows\SYSTEM32\profapi.dll
0x00007fff76940000 - 0x00007fff7695a000 	C:\Program Files\Android\Android Studio\jre\bin\net.dll
0x00007fff6af40000 - 0x00007fff6b04b000 	C:\Windows\SYSTEM32\WINHTTP.dll
0x00007fff7c520000 - 0x00007fff7c58a000 	C:\Windows\system32\mswsock.dll
0x00007fff76920000 - 0x00007fff76934000 	C:\Program Files\Android\Android Studio\jre\bin\nio.dll
0x00007fff55a90000 - 0x00007fff55ab7000 	C:\Users\Admin\.gradle\native\fdc75f09e3144964f2cf3f50f0aa648679c211496f362492102eb8c894070792\windows-amd64\native-platform.dll
0x00007fff35850000 - 0x00007fff359e6000 	C:\Users\Admin\.gradle\native\12488b8bf47d2d4c9fbf2f6322a914ad602e24e48041cd04a747c6da556b65c4\windows-amd64\native-platform-file-events.dll
0x00007fff768e0000 - 0x00007fff768ea000 	C:\Program Files\Android\Android Studio\jre\bin\management.dll
0x00007fff764e0000 - 0x00007fff764ec000 	C:\Program Files\Android\Android Studio\jre\bin\management_ext.dll
0x00007fff7c700000 - 0x00007fff7c718000 	C:\Windows\SYSTEM32\CRYPTSP.dll
0x00007fff7be60000 - 0x00007fff7be94000 	C:\Windows\system32\rsaenh.dll
0x00007fff7d4f0000 - 0x00007fff7d517000 	C:\Windows\System32\bcrypt.dll
0x00007fff7ccb0000 - 0x00007fff7ccde000 	C:\Windows\SYSTEM32\USERENV.dll
0x00007fff7c6f0000 - 0x00007fff7c6fc000 	C:\Windows\SYSTEM32\CRYPTBASE.dll
0x00007fff7c210000 - 0x00007fff7c24b000 	C:\Windows\SYSTEM32\IPHLPAPI.DLL
0x00007fff7d780000 - 0x00007fff7d788000 	C:\Windows\System32\NSI.dll
0x00007fff713d0000 - 0x00007fff713e7000 	C:\Windows\SYSTEM32\dhcpcsvc6.DLL
0x00007fff713b0000 - 0x00007fff713cd000 	C:\Windows\SYSTEM32\dhcpcsvc.DLL
0x00007fff7c250000 - 0x00007fff7c31c000 	C:\Windows\SYSTEM32\DNSAPI.dll
0x00007fff732d0000 - 0x00007fff732db000 	C:\Windows\SYSTEM32\WINNSI.DLL

dbghelp: loaded successfully - version: 4.0.5 - missing functions: none
symbol engine: initialized successfully - sym options: 0x614 - pdb path: .;C:\Program Files\Android\Android Studio\jre\bin;C:\Windows\SYSTEM32;C:\Windows\WinSxS\amd64_microsoft.windows.common-controls_6595b64144ccf1df_6.0.19041.844_none_ca00b6081b84eb1d;C:\Program Files\Android\Android Studio\jre\bin\server;C:\Users\Admin\.gradle\native\fdc75f09e3144964f2cf3f50f0aa648679c211496f362492102eb8c894070792\windows-amd64;C:\Users\Admin\.gradle\native\12488b8bf47d2d4c9fbf2f6322a914ad602e24e48041cd04a747c6da556b65c4\windows-amd64

VM Arguments:
jvm_args: --add-opens=java.base/java.util=ALL-UNNAMED --add-opens=java.base/java.lang=ALL-UNNAMED --add-opens=java.base/java.lang.invoke=ALL-UNNAMED --add-opens=java.prefs/java.util.prefs=ALL-UNNAMED -Xmx2048m -Dfile.encoding=UTF-8 -Duser.country=IN -Duser.language=en -Duser.variant 
java_command: org.gradle.launcher.daemon.bootstrap.GradleDaemon 6.7.1
java_class_path (initial): C:\Users\Admin\.gradle\wrapper\dists\gradle-6.7.1-bin\bwlcbys1h7rz3272sye1xwiv6\gradle-6.7.1\lib\gradle-launcher-6.7.1.jar
Launcher Type: SUN_STANDARD

[Global flags]
     intx CICompilerCount                          = 3                                         {product} {ergonomic}
     uint ConcGCThreads                            = 1                                         {product} {ergonomic}
     uint G1ConcRefinementThreads                  = 4                                         {product} {ergonomic}
   size_t G1HeapRegionSize                         = 1048576                                   {product} {ergonomic}
    uintx GCDrainStackTargetSize                   = 64                                        {product} {ergonomic}
   size_t InitialHeapSize                          = 134217728                                 {product} {ergonomic}
   size_t MarkStackSize                            = 4194304                                   {product} {ergonomic}
   size_t MaxHeapSize                              = 2147483648                                {product} {command line}
   size_t MaxNewSize                               = 1287651328                                {product} {ergonomic}
   size_t MinHeapDeltaBytes                        = 1048576                                   {product} {ergonomic}
    uintx NonNMethodCodeHeapSize                   = 5830732                                {pd product} {ergonomic}
    uintx NonProfiledCodeHeapSize                  = 122913754                              {pd product} {ergonomic}
    uintx ProfiledCodeHeapSize                     = 122913754                              {pd product} {ergonomic}
    uintx ReservedCodeCacheSize                    = 251658240                              {pd product} {ergonomic}
     bool SegmentedCodeCache                       = true                                      {product} {ergonomic}
     bool UseCompressedClassPointers               = true                                 {lp64_product} {ergonomic}
     bool UseCompressedOops                        = true                                 {lp64_product} {ergonomic}
     bool UseG1GC                                  = true                                      {product} {ergonomic}
     bool UseLargePagesIndividualAllocation        = false                                  {pd product} {ergonomic}

Logging:
Log output configuration:
 #0: stdout all=warning uptime,level,tags
 #1: stderr all=off uptime,level,tags

Environment Variables:
PATH=C:\Program Files\Common Files\Oracle\Java\javapath;C:\Windows\system32;C:\Windows;C:\Windows\System32\Wbem;C:\Windows\System32\WindowsPowerShell\v1.0\;C:\Windows\System32\OpenSSH\;C:\Program Files (x86)\Google\Google Apps Migration\;C:\Program Files (x86)\Google\Google Apps Sync\;C:\MinGW\bin;C:\Program Files\Java\jdk-11.0.9\bin;C:\Program Files (x86)\GtkSharp\2.12\bin;C:\Program Files (x86)\Intel\Intel(R) Management Engine Components\DAL;C:\Program Files\Intel\Intel(R) Management Engine Components\DAL;C:\Program Files (x86)\Windows Live\Shared;C:\Program Files\dotnet\;C:\Program Files (x86)\Common Files\Acronis\SnapAPI\;C:\Program Files\Git\cmd;C:\MinGW\bin;C:\Users\Admin\AppData\Local\Programs\Microsoft VS Code\bin;C:\Users\Admin\.dotnet\tools
USERNAME=Admin
OS=Windows_NT
PROCESSOR_IDENTIFIER=Intel64 Family 6 Model 78 Stepping 3, GenuineIntel



---------------  S Y S T E M  ---------------

OS: Windows 10 , 64 bit Build 19041 (10.0.19041.928)
OS uptime: 0 days 3:16 hours

CPU:total 4 (initial active 4) (2 cores per cpu, 2 threads per core) family 6 model 78 stepping 3, cmov, cx8, fxsr, mmx, sse, sse2, sse3, ssse3, sse4.1, sse4.2, popcnt, avx, avx2, aes, clmul, erms, rtm, 3dnowpref, lzcnt, ht, tsc, tscinvbit, bmi1, bmi2, adx, fma

Memory: 4k page, system-wide physical 8071M (882M free)
TotalPageFile size 8071M (AvailPageFile size 0M)
current process WorkingSet (physical memory assigned to process): 140M, peak: 140M
current process commit charge ("private bytes"): 239M, peak: 240M

vm_info: OpenJDK 64-Bit Server VM (11.0.8+10-b944.6842174) for windows-amd64 JRE (11.0.8+10-b944.6842174), built on Sep 19 2020 01:11:42 by "builder" with MS VC++ 14.0 (VS2015)

END.
